2023-02-08 16:48:03 0 [Note] InnoDB: Mutexes and rw_locks use Windows interlocked functions
2023-02-08 16:48:03 0 [Note] InnoDB: Uses event mutexes
2023-02-08 16:48:03 0 [Note] InnoDB: Compressed tables use zlib 1.2.12
2023-02-08 16:48:03 0 [Note] InnoDB: Number of pools: 1
2023-02-08 16:48:03 0 [Note] InnoDB: Using SSE2 crc32 instructions
2023-02-08 16:48:03 0 [Note] InnoDB: Initializing buffer pool, total size = 16M, instances = 1, chunk size = 16M
2023-02-08 16:48:03 0 [Note] InnoDB: Completed initialization of buffer pool
2023-02-08 16:48:03 0 [Note] InnoDB: Starting crash recovery from checkpoint LSN=300288
2023-02-08 16:48:03 0 [Note] InnoDB: 128 out of 128 rollback segments are active.
2023-02-08 16:48:03 0 [Note] InnoDB: Removed temporary tablespace data file: "ibtmp1"
2023-02-08 16:48:03 0 [Note] InnoDB: Creating shared tablespace for temporary tables
2023-02-08 16:48:03 0 [Note] InnoDB: Setting file 'C:\xampp\mysql\data\ibtmp1' size to 12 MB. Physically writing the file full; Please wait ...
2023-02-08 16:48:03 0 [Note] InnoDB: File 'C:\xampp\mysql\data\ibtmp1' size is now 12 MB.
2023-02-08 16:48:03 0 [Note] InnoDB: Waiting for purge to start
2023-02-08 16:48:03 0 [Note] InnoDB: 10.4.27 started; log sequence number 300297; transaction id 170
2023-02-08 16:48:03 0 [Note] InnoDB: Loading buffer pool(s) from C:\xampp\mysql\data\ib_buffer_pool
2023-02-08 16:48:03 0 [Note] Plugin 'FEEDBACK' is disabled.
2023-02-08 16:48:03 0 [Note] Server socket created on IP: '::'.
2023-02-08 16:48:03 0 [Note] InnoDB: Buffer pool(s) load completed at 230208 16:48:03
2023-02-08 16:48:03 0 [Note] Reading of all Master_info entries succeeded
2023-02-08 16:48:03 0 [Note] Added new Master_info '' to hash table
2023-02-08 16:48:03 0 [Note] C:\xampp\mysql\bin\mysqld.exe: ready for connections.
Version: '10.4.27-MariaDB'  socket: ''  port: 3306  mariadb.org binary distribution
2023-02-08 16:58:58 33 [Warning] Access denied for user 'root'@'localhost' (using password: NO)
2023-02-08 16:59:06 35 [Warning] Access denied for user 'root'@'localhost' (using password: NO)
2023-02-08 17:50:11 0 [Note] C:\xampp\mysql\bin\mysqld.exe (initiated by: unknown): Normal shutdown
2023-02-08 17:50:11 0 [Note] Event Scheduler: Purging the queue. 0 events
2023-02-08 17:50:11 0 [Note] InnoDB: FTS optimize thread exiting.
2023-02-08 17:50:13 0 [Note] InnoDB: Starting shutdown...
2023-02-08 17:50:13 0 [Note] InnoDB: Dumping buffer pool(s) to C:\xampp\mysql\data\ib_buffer_pool
2023-02-08 17:50:13 0 [Note] InnoDB: Instance 0, restricted to 250 pages due to innodb_buf_pool_dump_pct=25
2023-02-08 17:50:13 0 [Note] InnoDB: Buffer pool(s) dump completed at 230208 17:50:13
2023-02-08 17:50:14 0 [Note] InnoDB: Removed temporary tablespace data file: "ibtmp1"
2023-02-08 17:50:14 0 [Note] InnoDB: Shutdown completed; log sequence number 304438; transaction id 196
2023-02-08 17:50:14 0 [Note] C:\xampp\mysql\bin\mysqld.exe: Shutdown complete

2023-02-08 17:51:14 0 [Note] InnoDB: Mutexes and rw_locks use Windows interlocked functions
2023-02-08 17:51:14 0 [Note] InnoDB: Uses event mutexes
2023-02-08 17:51:14 0 [Note] InnoDB: Compressed tables use zlib 1.2.12
2023-02-08 17:51:14 0 [Note] InnoDB: Number of pools: 1
2023-02-08 17:51:14 0 [Note] InnoDB: Using SSE2 crc32 instructions
2023-02-08 17:51:14 0 [Note] InnoDB: Initializing buffer pool, total size = 16M, instances = 1, chunk size = 16M
2023-02-08 17:51:14 0 [Note] InnoDB: Completed initialization of buffer pool
2023-02-08 17:51:16 0 [Note] InnoDB: 128 out of 128 rollback segments are active.
2023-02-08 17:51:16 0 [Note] InnoDB: Creating shared tablespace for temporary tables
2023-02-08 17:51:16 0 [Note] InnoDB: Setting file 'C:\xampp\mysql\data\ibtmp1' size to 12 MB. Physically writing the file full; Please wait ...
2023-02-08 17:51:16 0 [Note] InnoDB: File 'C:\xampp\mysql\data\ibtmp1' size is now 12 MB.
2023-02-08 17:51:16 0 [Note] InnoDB: Waiting for purge to start
2023-02-08 17:51:16 0 [Note] InnoDB: 10.4.27 started; log sequence number 304438; transaction id 197
2023-02-08 17:51:16 0 [Note] InnoDB: Loading buffer pool(s) from C:\xampp\mysql\data\ib_buffer_pool
2023-02-08 17:51:16 0 [Note] Plugin 'FEEDBACK' is disabled.
2023-02-08 17:51:17 0 [Note] Server socket created on IP: '::'.
2023-02-08 17:51:17 0 [Note] InnoDB: Buffer pool(s) load completed at 230208 17:51:17
2023-02-08 17:51:17 0 [Note] Reading of all Master_info entries succeeded
2023-02-08 17:51:17 0 [Note] Added new Master_info '' to hash table
2023-02-08 17:51:17 0 [Note] C:\xampp\mysql\bin\mysqld.exe: ready for connections.
Version: '10.4.27-MariaDB'  socket: ''  port: 3306  mariadb.org binary distribution
2023-02-08 18:49:01 0 [Note] InnoDB: Mutexes and rw_locks use Windows interlocked functions
2023-02-08 18:49:01 0 [Note] InnoDB: Uses event mutexes
2023-02-08 18:49:01 0 [Note] InnoDB: Compressed tables use zlib 1.2.12
2023-02-08 18:49:01 0 [Note] InnoDB: Number of pools: 1
2023-02-08 18:49:01 0 [Note] InnoDB: Using SSE2 crc32 instructions
2023-02-08 18:49:02 0 [Note] InnoDB: Initializing buffer pool, total size = 16M, instances = 1, chunk size = 16M
2023-02-08 18:49:02 0 [Note] InnoDB: Completed initialization of buffer pool
2023-02-08 18:49:02 0 [Note] InnoDB: Starting crash recovery from checkpoint LSN=304438
2023-02-08 18:49:03 0 [Note] InnoDB: 128 out of 128 rollback segments are active.
2023-02-08 18:49:03 0 [Note] InnoDB: Removed temporary tablespace data file: "ibtmp1"
2023-02-08 18:49:03 0 [Note] InnoDB: Creating shared tablespace for temporary tables
2023-02-08 18:49:03 0 [Note] InnoDB: Setting file 'C:\xampp\mysql\data\ibtmp1' size to 12 MB. Physically writing the file full; Please wait ...
2023-02-08 18:49:03 0 [Note] InnoDB: File 'C:\xampp\mysql\data\ibtmp1' size is now 12 MB.
2023-02-08 18:49:03 0 [Note] InnoDB: Waiting for purge to start
2023-02-08 18:49:03 0 [Note] InnoDB: 10.4.27 started; log sequence number 304447; transaction id 197
2023-02-08 18:49:03 0 [Note] InnoDB: Loading buffer pool(s) from C:\xampp\mysql\data\ib_buffer_pool
2023-02-08 18:49:03 0 [Note] Plugin 'FEEDBACK' is disabled.
2023-02-08 18:49:04 0 [Note] Server socket created on IP: '::'.
2023-02-08 18:49:04 0 [Note] InnoDB: Buffer pool(s) load completed at 230208 18:49:04
2023-02-08 18:49:06 0 [Note] Reading of all Master_info entries succeeded
2023-02-08 18:49:06 0 [Note] Added new Master_info '' to hash table
2023-02-08 18:49:06 0 [Note] C:\xampp\mysql\bin\mysqld.exe: ready for connections.
Version: '10.4.27-MariaDB'  socket: ''  port: 3306  mariadb.org binary distribution
2023-02-09 16:03:33 0 [Note] C:\xampp\mysql\bin\mysqld.exe (initiated by: unknown): Normal shutdown
2023-02-09 16:03:33 0 [Note] InnoDB: FTS optimize thread exiting.
2023-02-09 16:03:33 0 [Note] Event Scheduler: Purging the queue. 0 events
2023-02-09 16:03:34 0 [Note] InnoDB: Starting shutdown...
2023-02-09 16:03:34 0 [Note] InnoDB: Dumping buffer pool(s) to C:\xampp\mysql\data\ib_buffer_pool
2023-02-09 16:03:34 0 [Note] InnoDB: Instance 0, restricted to 250 pages due to innodb_buf_pool_dump_pct=25
2023-02-09 16:03:34 0 [Note] InnoDB: Buffer pool(s) dump completed at 230209 16:03:34
2023-02-09 16:03:35 0 [Note] InnoDB: Removed temporary tablespace data file: "ibtmp1"
2023-02-09 16:03:35 0 [Note] InnoDB: Shutdown completed; log sequence number 304465; transaction id 198
2023-02-09 16:03:36 0 [Note] C:\xampp\mysql\bin\mysqld.exe: Shutdown complete

2023-02-09 16:04:24 0 [Note] InnoDB: Mutexes and rw_locks use Windows interlocked functions
2023-02-09 16:04:24 0 [Note] InnoDB: Uses event mutexes
2023-02-09 16:04:24 0 [Note] InnoDB: Compressed tables use zlib 1.2.12
2023-02-09 16:04:24 0 [Note] InnoDB: Number of pools: 1
2023-02-09 16:04:24 0 [Note] InnoDB: Using SSE2 crc32 instructions
2023-02-09 16:04:24 0 [Note] InnoDB: Initializing buffer pool, total size = 16M, instances = 1, chunk size = 16M
2023-02-09 16:04:24 0 [Note] InnoDB: Completed initialization of buffer pool
2023-02-09 16:04:27 0 [Note] InnoDB: 128 out of 128 rollback segments are active.
2023-02-09 16:04:27 0 [Note] InnoDB: Creating shared tablespace for temporary tables
2023-02-09 16:04:27 0 [Note] InnoDB: Setting file 'C:\xampp\mysql\data\ibtmp1' size to 12 MB. Physically writing the file full; Please wait ...
2023-02-09 16:04:27 0 [Note] InnoDB: File 'C:\xampp\mysql\data\ibtmp1' size is now 12 MB.
2023-02-09 16:04:27 0 [Note] InnoDB: Waiting for purge to start
2023-02-09 16:04:27 0 [Note] InnoDB: Waiting for purge to start
2023-02-09 16:04:27 0 [Note] InnoDB: Waiting for purge to start
2023-02-09 16:04:27 0 [Note] InnoDB: 10.4.27 started; log sequence number 304465; transaction id 197
2023-02-09 16:04:27 0 [Note] InnoDB: Loading buffer pool(s) from C:\xampp\mysql\data\ib_buffer_pool
2023-02-09 16:04:27 0 [Note] Plugin 'FEEDBACK' is disabled.
2023-02-09 16:04:28 0 [Note] Server socket created on IP: '::'.
2023-02-09 16:04:28 0 [Note] InnoDB: Buffer pool(s) load completed at 230209 16:04:28
2023-02-09 16:04:28 0 [Note] Reading of all Master_info entries succeeded
2023-02-09 16:04:28 0 [Note] Added new Master_info '' to hash table
2023-02-09 16:04:29 0 [Note] C:\xampp\mysql\bin\mysqld.exe: ready for connections.
Version: '10.4.27-MariaDB'  socket: ''  port: 3306  mariadb.org binary distribution
2023-02-09 17:01:14 115 [Warning] Access denied for user 'root'@'localhost' (using password: NO)
2023-02-09 17:01:52 116 [Warning] Access denied for user 'root'@'localhost' (using password: NO)
2023-02-09 17:01:53 117 [Warning] Access denied for user 'root'@'localhost' (using password: NO)
2023-02-09 17:01:57 118 [Warning] Access denied for user 'root'@'localhost' (using password: NO)
2023-02-09 17:04:56 0 [Note] C:\xampp\mysql\bin\mysqld.exe (initiated by: unknown): Normal shutdown
2023-02-09 17:04:56 0 [Note] Event Scheduler: Purging the queue. 0 events
2023-02-09 17:04:56 0 [Note] InnoDB: FTS optimize thread exiting.
2023-02-09 17:04:58 0 [Note] InnoDB: Starting shutdown...
2023-02-09 17:04:58 0 [Note] InnoDB: Dumping buffer pool(s) to C:\xampp\mysql\data\ib_buffer_pool
2023-02-09 17:04:58 0 [Note] InnoDB: Instance 0, restricted to 250 pages due to innodb_buf_pool_dump_pct=25
2023-02-09 17:04:58 0 [Note] InnoDB: Buffer pool(s) dump completed at 230209 17:04:58
2023-02-09 17:04:59 0 [Note] InnoDB: Removed temporary tablespace data file: "ibtmp1"
2023-02-09 17:04:59 0 [Note] InnoDB: Shutdown completed; log sequence number 310194; transaction id 239
2023-02-09 17:04:59 0 [Note] C:\xampp\mysql\bin\mysqld.exe: Shutdown complete

2023-02-09 17:05:39 0 [Note] InnoDB: Mutexes and rw_locks use Windows interlocked functions
2023-02-09 17:05:39 0 [Note] InnoDB: Uses event mutexes
2023-02-09 17:05:39 0 [Note] InnoDB: Compressed tables use zlib 1.2.12
2023-02-09 17:05:39 0 [Note] InnoDB: Number of pools: 1
2023-02-09 17:05:39 0 [Note] InnoDB: Using SSE2 crc32 instructions
2023-02-09 17:05:39 0 [Note] InnoDB: Initializing buffer pool, total size = 16M, instances = 1, chunk size = 16M
2023-02-09 17:05:39 0 [Note] InnoDB: Completed initialization of buffer pool
2023-02-09 17:05:39 0 [Note] InnoDB: 128 out of 128 rollback segments are active.
2023-02-09 17:05:39 0 [Note] InnoDB: Creating shared tablespace for temporary tables
2023-02-09 17:05:39 0 [Note] InnoDB: Setting file 'C:\xampp\mysql\data\ibtmp1' size to 12 MB. Physically writing the file full; Please wait ...
2023-02-09 17:05:39 0 [Note] InnoDB: File 'C:\xampp\mysql\data\ibtmp1' size is now 12 MB.
2023-02-09 17:05:39 0 [Note] InnoDB: Waiting for purge to start
2023-02-09 17:05:39 0 [Note] InnoDB: 10.4.27 started; log sequence number 310194; transaction id 240
2023-02-09 17:05:39 0 [Note] InnoDB: Loading buffer pool(s) from C:\xampp\mysql\data\ib_buffer_pool
2023-02-09 17:05:39 0 [Note] Plugin 'FEEDBACK' is disabled.
2023-02-09 17:05:39 0 [Note] Server socket created on IP: '::'.
2023-02-09 17:05:40 0 [Note] InnoDB: Buffer pool(s) load completed at 230209 17:05:40
2023-02-09 17:05:41 0 [Note] Reading of all Master_info entries succeeded
2023-02-09 17:05:41 0 [Note] Added new Master_info '' to hash table
2023-02-09 17:05:41 0 [Note] C:\xampp\mysql\bin\mysqld.exe: ready for connections.
Version: '10.4.27-MariaDB'  socket: ''  port: 3306  mariadb.org binary distribution
2023-02-09 17:07:33 8 [Warning] Access denied for user 'root'@'localhost' (using password: NO)
2023-02-09 17:07:47 10 [Warning] Access denied for user 'root'@'localhost' (using password: NO)
2023-02-09 17:07:57 12 [Warning] Access denied for user 'root'@'localhost' (using password: NO)
2023-02-09 17:08:42 14 [Warning] Access denied for user 'root'@'localhost' (using password: NO)
2023-02-09 17:08:43 16 [Warning] Access denied for user 'root'@'localhost' (using password: NO)
2023-02-09 17:08:51 18 [Warning] Access denied for user 'root'@'localhost' (using password: NO)
2023-02-09 17:09:06 20 [Warning] Access denied for user 'root'@'localhost' (using password: NO)
2023-02-09 17:09:08 22 [Warning] Access denied for user 'root'@'localhost' (using password: NO)
2023-02-09 17:10:44 64 [Warning] Access denied for user 'root'@'localhost' (using password: YES)
2023-02-09 17:10:49 66 [Warning] Access denied for user 'root'@'localhost' (using password: YES)
2023-02-09 18:42:48 0 [Note] C:\xampp\mysql\bin\mysqld.exe (initiated by: unknown): Normal shutdown
2023-02-09 18:42:48 0 [Note] Event Scheduler: Purging the queue. 0 events
2023-02-09 18:42:48 0 [Note] InnoDB: FTS optimize thread exiting.
2023-02-09 18:42:49 0 [Note] InnoDB: Starting shutdown...
2023-02-09 18:42:49 0 [Note] InnoDB: Dumping buffer pool(s) to C:\xampp\mysql\data\ib_buffer_pool
2023-02-09 18:42:49 0 [Note] InnoDB: Instance 0, restricted to 250 pages due to innodb_buf_pool_dump_pct=25
2023-02-09 18:42:49 0 [Note] InnoDB: Buffer pool(s) dump completed at 230209 18:42:49
2023-02-09 18:42:50 0 [Note] InnoDB: Removed temporary tablespace data file: "ibtmp1"
2023-02-09 18:42:50 0 [Note] InnoDB: Shutdown completed; log sequence number 311235; transaction id 267
2023-02-09 18:42:50 0 [Note] C:\xampp\mysql\bin\mysqld.exe: Shutdown complete

2023-02-09 18:44:28 0 [Note] InnoDB: Mutexes and rw_locks use Windows interlocked functions
2023-02-09 18:44:28 0 [Note] InnoDB: Uses event mutexes
2023-02-09 18:44:28 0 [Note] InnoDB: Compressed tables use zlib 1.2.12
2023-02-09 18:44:28 0 [Note] InnoDB: Number of pools: 1
2023-02-09 18:44:28 0 [Note] InnoDB: Using SSE2 crc32 instructions
2023-02-09 18:44:28 0 [Note] InnoDB: Initializing buffer pool, total size = 16M, instances = 1, chunk size = 16M
2023-02-09 18:44:28 0 [Note] InnoDB: Completed initialization of buffer pool
2023-02-09 18:44:29 0 [Note] InnoDB: 128 out of 128 rollback segments are active.
2023-02-09 18:44:29 0 [Note] InnoDB: Creating shared tablespace for temporary tables
2023-02-09 18:44:29 0 [Note] InnoDB: Setting file 'C:\xampp\mysql\data\ibtmp1' size to 12 MB. Physically writing the file full; Please wait ...
2023-02-09 18:44:29 0 [Note] InnoDB: File 'C:\xampp\mysql\data\ibtmp1' size is now 12 MB.
2023-02-09 18:44:29 0 [Note] InnoDB: Waiting for purge to start
2023-02-09 18:44:29 0 [Note] InnoDB: 10.4.27 started; log sequence number 311235; transaction id 268
2023-02-09 18:44:29 0 [Note] InnoDB: Loading buffer pool(s) from C:\xampp\mysql\data\ib_buffer_pool
2023-02-09 18:44:29 0 [Note] Plugin 'FEEDBACK' is disabled.
2023-02-09 18:44:29 0 [Note] Server socket created on IP: '::'.
2023-02-09 18:44:29 0 [Note] InnoDB: Buffer pool(s) load completed at 230209 18:44:29
2023-02-09 18:44:29 0 [Note] Reading of all Master_info entries succeeded
2023-02-09 18:44:29 0 [Note] Added new Master_info '' to hash table
2023-02-09 18:44:29 0 [Note] C:\xampp\mysql\bin\mysqld.exe: ready for connections.
Version: '10.4.27-MariaDB'  socket: ''  port: 3306  mariadb.org binary distribution
2023-02-09 19:05:49 67 [Warning] Access denied for user ''@'localhost' (using password: NO)
2023-02-20 16:55:03 152 [Warning] Aborted connection 152 to db: 'firstdb' user: 'root' host: 'localhost' (Got an error reading communication packets)
2023-02-20 17:41:57 0 [Note] C:\xampp\mysql\bin\mysqld.exe (initiated by: unknown): Normal shutdown
2023-02-20 17:41:58 0 [Note] Event Scheduler: Purging the queue. 0 events
2023-02-20 17:41:58 0 [Note] InnoDB: FTS optimize thread exiting.
2023-02-20 17:41:59 0 [Note] InnoDB: Starting shutdown...
2023-02-20 17:41:59 0 [Note] InnoDB: Dumping buffer pool(s) to C:\xampp\mysql\data\ib_buffer_pool
2023-02-20 17:41:59 0 [Note] InnoDB: Instance 0, restricted to 250 pages due to innodb_buf_pool_dump_pct=25
2023-02-20 17:41:59 0 [Note] InnoDB: Buffer pool(s) dump completed at 230220 17:41:59
2023-02-20 17:42:00 0 [Note] InnoDB: Removed temporary tablespace data file: "ibtmp1"
2023-02-20 17:42:00 0 [Note] InnoDB: Shutdown completed; log sequence number 312072; transaction id 293
2023-02-20 17:42:01 0 [Note] C:\xampp\mysql\bin\mysqld.exe: Shutdown complete

2023-02-20 17:42:50 0 [Note] InnoDB: Mutexes and rw_locks use Windows interlocked functions
2023-02-20 17:42:50 0 [Note] InnoDB: Uses event mutexes
2023-02-20 17:42:50 0 [Note] InnoDB: Compressed tables use zlib 1.2.12
2023-02-20 17:42:50 0 [Note] InnoDB: Number of pools: 1
2023-02-20 17:42:50 0 [Note] InnoDB: Using SSE2 crc32 instructions
2023-02-20 17:42:50 0 [Note] InnoDB: Initializing buffer pool, total size = 16M, instances = 1, chunk size = 16M
2023-02-20 17:42:50 0 [Note] InnoDB: Completed initialization of buffer pool
2023-02-20 17:42:51 0 [Note] InnoDB: 128 out of 128 rollback segments are active.
2023-02-20 17:42:51 0 [Note] InnoDB: Creating shared tablespace for temporary tables
2023-02-20 17:42:51 0 [Note] InnoDB: Setting file 'C:\xampp\mysql\data\ibtmp1' size to 12 MB. Physically writing the file full; Please wait ...
2023-02-20 17:42:51 0 [Note] InnoDB: File 'C:\xampp\mysql\data\ibtmp1' size is now 12 MB.
2023-02-20 17:42:51 0 [Note] InnoDB: Waiting for purge to start
2023-02-20 17:42:51 0 [Note] InnoDB: 10.4.27 started; log sequence number 312072; transaction id 294
2023-02-20 17:42:51 0 [Note] InnoDB: Loading buffer pool(s) from C:\xampp\mysql\data\ib_buffer_pool
2023-02-20 17:42:51 0 [Note] Plugin 'FEEDBACK' is disabled.
2023-02-20 17:42:51 0 [Note] Server socket created on IP: '::'.
2023-02-20 17:42:51 0 [Note] InnoDB: Buffer pool(s) load completed at 230220 17:42:51
2023-02-20 17:42:52 0 [Note] Reading of all Master_info entries succeeded
2023-02-20 17:42:52 0 [Note] Added new Master_info '' to hash table
2023-02-20 17:42:52 0 [Note] C:\xampp\mysql\bin\mysqld.exe: ready for connections.
Version: '10.4.27-MariaDB'  socket: ''  port: 3306  mariadb.org binary distribution
2023-02-20 17:43:22 0 [Note] C:\xampp\mysql\bin\mysqld.exe (initiated by: unknown): Normal shutdown
2023-02-20 17:43:22 0 [Note] Event Scheduler: Purging the queue. 0 events
2023-02-20 17:43:22 0 [Note] InnoDB: FTS optimize thread exiting.
2023-02-20 17:43:24 0 [Note] InnoDB: Starting shutdown...
2023-02-20 17:43:24 0 [Note] InnoDB: Dumping buffer pool(s) to C:\xampp\mysql\data\ib_buffer_pool
2023-02-20 17:43:24 0 [Note] InnoDB: Instance 0, restricted to 250 pages due to innodb_buf_pool_dump_pct=25
2023-02-20 17:43:24 0 [Note] InnoDB: Buffer pool(s) dump completed at 230220 17:43:24
2023-02-20 17:43:25 0 [Note] InnoDB: Removed temporary tablespace data file: "ibtmp1"
2023-02-20 17:43:25 0 [Note] InnoDB: Shutdown completed; log sequence number 312081; transaction id 295
2023-02-20 17:43:25 0 [Note] C:\xampp\mysql\bin\mysqld.exe: Shutdown complete

2023-02-20 18:07:40 0 [Note] InnoDB: Mutexes and rw_locks use Windows interlocked functions
2023-02-20 18:07:40 0 [Note] InnoDB: Uses event mutexes
2023-02-20 18:07:40 0 [Note] InnoDB: Compressed tables use zlib 1.2.12
2023-02-20 18:07:40 0 [Note] InnoDB: Number of pools: 1
2023-02-20 18:07:40 0 [Note] InnoDB: Using SSE2 crc32 instructions
2023-02-20 18:07:40 0 [Note] InnoDB: Initializing buffer pool, total size = 16M, instances = 1, chunk size = 16M
2023-02-20 18:07:40 0 [Note] InnoDB: Completed initialization of buffer pool
2023-02-20 18:07:41 0 [Note] InnoDB: 128 out of 128 rollback segments are active.
2023-02-20 18:07:41 0 [Note] InnoDB: Creating shared tablespace for temporary tables
2023-02-20 18:07:41 0 [Note] InnoDB: Setting file 'C:\xampp\mysql\data\ibtmp1' size to 12 MB. Physically writing the file full; Please wait ...
2023-02-20 18:07:41 0 [Note] InnoDB: File 'C:\xampp\mysql\data\ibtmp1' size is now 12 MB.
2023-02-20 18:07:41 0 [Note] InnoDB: Waiting for purge to start
2023-02-20 18:07:41 0 [Note] InnoDB: 10.4.27 started; log sequence number 312081; transaction id 294
2023-02-20 18:07:41 0 [Note] Plugin 'FEEDBACK' is disabled.
2023-02-20 18:07:41 0 [Note] InnoDB: Loading buffer pool(s) from C:\xampp\mysql\data\ib_buffer_pool
2023-02-20 18:07:41 0 [Note] Server socket created on IP: '::'.
2023-02-20 18:07:42 0 [Note] InnoDB: Buffer pool(s) load completed at 230220 18:07:42
2023-02-20 18:07:42 0 [Note] Reading of all Master_info entries succeeded
2023-02-20 18:07:42 0 [Note] Added new Master_info '' to hash table
2023-02-20 18:07:42 0 [Note] C:\xampp\mysql\bin\mysqld.exe: ready for connections.
Version: '10.4.27-MariaDB'  socket: ''  port: 3306  mariadb.org binary distribution
2023-02-20 18:15:22 0 [Note] C:\xampp\mysql\bin\mysqld.exe (initiated by: unknown): Normal shutdown
2023-02-20 18:15:22 0 [Note] Event Scheduler: Purging the queue. 0 events
2023-02-20 18:15:22 0 [Note] InnoDB: FTS optimize thread exiting.
2023-02-20 18:15:22 0 [Note] InnoDB: Starting shutdown...
2023-02-20 18:15:22 0 [Note] InnoDB: Dumping buffer pool(s) to C:\xampp\mysql\data\ib_buffer_pool
2023-02-20 18:15:22 0 [Note] InnoDB: Instance 0, restricted to 250 pages due to innodb_buf_pool_dump_pct=25
2023-02-20 18:15:22 0 [Note] InnoDB: Buffer pool(s) dump completed at 230220 18:15:22
2023-02-20 18:15:22 0 [Note] InnoDB: Removed temporary tablespace data file: "ibtmp1"
2023-02-20 18:15:22 0 [Note] InnoDB: Shutdown completed; log sequence number 312090; transaction id 295
2023-02-20 18:15:22 0 [Note] C:\xampp\mysql\bin\mysqld.exe: Shutdown complete

2023-02-22 16:03:45 0 [Note] InnoDB: Mutexes and rw_locks use Windows interlocked functions
2023-02-22 16:03:45 0 [Note] InnoDB: Uses event mutexes
2023-02-22 16:03:45 0 [Note] InnoDB: Compressed tables use zlib 1.2.12
2023-02-22 16:03:45 0 [Note] InnoDB: Number of pools: 1
2023-02-22 16:03:45 0 [Note] InnoDB: Using SSE2 crc32 instructions
2023-02-22 16:03:45 0 [Note] InnoDB: Initializing buffer pool, total size = 16M, instances = 1, chunk size = 16M
2023-02-22 16:03:45 0 [Note] InnoDB: Completed initialization of buffer pool
2023-02-22 16:03:45 0 [Note] InnoDB: 128 out of 128 rollback segments are active.
2023-02-22 16:03:45 0 [Note] InnoDB: Creating shared tablespace for temporary tables
2023-02-22 16:03:45 0 [Note] InnoDB: Setting file 'C:\xampp\mysql\data\ibtmp1' size to 12 MB. Physically writing the file full; Please wait ...
2023-02-22 16:03:45 0 [Note] InnoDB: File 'C:\xampp\mysql\data\ibtmp1' size is now 12 MB.
2023-02-22 16:03:45 0 [Note] InnoDB: Waiting for purge to start
2023-02-22 16:03:45 0 [Note] InnoDB: 10.4.27 started; log sequence number 312090; transaction id 294
2023-02-22 16:03:45 0 [Note] InnoDB: Loading buffer pool(s) from C:\xampp\mysql\data\ib_buffer_pool
2023-02-22 16:03:45 0 [Note] Plugin 'FEEDBACK' is disabled.
2023-02-22 16:03:46 0 [Note] InnoDB: Buffer pool(s) load completed at 230222 16:03:46
2023-02-22 16:03:46 0 [Note] Server socket created on IP: '::'.
2023-02-22 16:03:47 0 [Note] Reading of all Master_info entries succeeded
2023-02-22 16:03:47 0 [Note] Added new Master_info '' to hash table
2023-02-22 16:03:47 0 [Note] C:\xampp\mysql\bin\mysqld.exe: ready for connections.
Version: '10.4.27-MariaDB'  socket: ''  port: 3306  mariadb.org binary distribution
2023-02-22 16:37:47 0 [Note] C:\xampp\mysql\bin\mysqld.exe (initiated by: unknown): Normal shutdown
2023-02-22 16:37:47 0 [Note] Event Scheduler: Purging the queue. 0 events
2023-02-22 16:37:47 0 [Note] InnoDB: FTS optimize thread exiting.
2023-02-22 16:37:48 0 [Note] InnoDB: Starting shutdown...
2023-02-22 16:37:48 0 [Note] InnoDB: Dumping buffer pool(s) to C:\xampp\mysql\data\ib_buffer_pool
2023-02-22 16:37:48 0 [Note] InnoDB: Instance 0, restricted to 250 pages due to innodb_buf_pool_dump_pct=25
2023-02-22 16:37:48 0 [Note] InnoDB: Buffer pool(s) dump completed at 230222 16:37:48
2023-02-22 16:37:49 0 [Note] InnoDB: Removed temporary tablespace data file: "ibtmp1"
2023-02-22 16:37:49 0 [Note] InnoDB: Shutdown completed; log sequence number 312099; transaction id 295
2023-02-22 16:37:49 0 [Note] C:\xampp\mysql\bin\mysqld.exe: Shutdown complete

2023-02-22 16:38:36 0 [Note] InnoDB: Mutexes and rw_locks use Windows interlocked functions
2023-02-22 16:38:36 0 [Note] InnoDB: Uses event mutexes
2023-02-22 16:38:36 0 [Note] InnoDB: Compressed tables use zlib 1.2.12
2023-02-22 16:38:36 0 [Note] InnoDB: Number of pools: 1
2023-02-22 16:38:36 0 [Note] InnoDB: Using SSE2 crc32 instructions
2023-02-22 16:38:36 0 [Note] InnoDB: Initializing buffer pool, total size = 16M, instances = 1, chunk size = 16M
2023-02-22 16:38:36 0 [Note] InnoDB: Completed initialization of buffer pool
2023-02-22 16:38:37 0 [Note] InnoDB: 128 out of 128 rollback segments are active.
2023-02-22 16:38:37 0 [Note] InnoDB: Creating shared tablespace for temporary tables
2023-02-22 16:38:37 0 [Note] InnoDB: Setting file 'C:\xampp\mysql\data\ibtmp1' size to 12 MB. Physically writing the file full; Please wait ...
2023-02-22 16:38:37 0 [Note] InnoDB: File 'C:\xampp\mysql\data\ibtmp1' size is now 12 MB.
2023-02-22 16:38:37 0 [Note] InnoDB: Waiting for purge to start
2023-02-22 16:38:37 0 [Note] InnoDB: 10.4.27 started; log sequence number 312099; transaction id 294
2023-02-22 16:38:37 0 [Note] Plugin 'FEEDBACK' is disabled.
2023-02-22 16:38:37 0 [Note] InnoDB: Loading buffer pool(s) from C:\xampp\mysql\data\ib_buffer_pool
2023-02-22 16:38:37 0 [Note] Server socket created on IP: '::'.
2023-02-22 16:38:37 0 [Note] InnoDB: Buffer pool(s) load completed at 230222 16:38:37
2023-02-22 16:38:38 0 [Note] Reading of all Master_info entries succeeded
2023-02-22 16:38:38 0 [Note] Added new Master_info '' to hash table
2023-02-22 16:38:38 0 [Note] C:\xampp\mysql\bin\mysqld.exe: ready for connections.
Version: '10.4.27-MariaDB'  socket: ''  port: 3306  mariadb.org binary distribution
2023-02-27 16:05:10 0 [Note] InnoDB: Mutexes and rw_locks use Windows interlocked functions
2023-02-27 16:05:10 0 [Note] InnoDB: Uses event mutexes
2023-02-27 16:05:10 0 [Note] InnoDB: Compressed tables use zlib 1.2.12
2023-02-27 16:05:10 0 [Note] InnoDB: Number of pools: 1
2023-02-27 16:05:10 0 [Note] InnoDB: Using SSE2 crc32 instructions
2023-02-27 16:05:10 0 [Note] InnoDB: Initializing buffer pool, total size = 16M, instances = 1, chunk size = 16M
2023-02-27 16:05:10 0 [Note] InnoDB: Completed initialization of buffer pool
2023-02-27 16:05:10 0 [Note] InnoDB: Starting crash recovery from checkpoint LSN=372057
2023-02-27 16:05:11 0 [Note] InnoDB: 128 out of 128 rollback segments are active.
2023-02-27 16:05:11 0 [Note] InnoDB: Removed temporary tablespace data file: "ibtmp1"
2023-02-27 16:05:11 0 [Note] InnoDB: Creating shared tablespace for temporary tables
2023-02-27 16:05:11 0 [Note] InnoDB: Setting file 'C:\xampp\mysql\data\ibtmp1' size to 12 MB. Physically writing the file full; Please wait ...
2023-02-27 16:05:11 0 [Note] InnoDB: File 'C:\xampp\mysql\data\ibtmp1' size is now 12 MB.
2023-02-27 16:05:11 0 [Note] InnoDB: Waiting for purge to start
2023-02-27 16:05:11 0 [Note] InnoDB: 10.4.27 started; log sequence number 372066; transaction id 461
2023-02-27 16:05:11 0 [Note] Plugin 'FEEDBACK' is disabled.
2023-02-27 16:05:11 0 [Note] InnoDB: Loading buffer pool(s) from C:\xampp\mysql\data\ib_buffer_pool
2023-02-27 16:05:11 0 [Note] Server socket created on IP: '::'.
2023-02-27 16:05:12 0 [Note] InnoDB: Buffer pool(s) load completed at 230227 16:05:12
2023-02-27 16:05:12 0 [Note] Reading of all Master_info entries succeeded
2023-02-27 16:05:12 0 [Note] Added new Master_info '' to hash table
2023-02-27 16:05:12 0 [Note] C:\xampp\mysql\bin\mysqld.exe: ready for connections.
Version: '10.4.27-MariaDB'  socket: ''  port: 3306  mariadb.org binary distribution
2023-03-02 18:51:30 389 [Warning] Aborted connection 389 to db: 'firstdb' user: 'root' host: 'localhost' (Got an error reading communication packets)
2023-03-08 18:44:40 1008 [Warning] Access denied for user 'cesarmatelat'@'localhost' (using password: NO)
2023-03-08 18:47:00 1049 [Warning] Access denied for user 'root'@'localhost' (using password: NO)
2023-03-08 18:47:44 1052 [Warning] Access denied for user 'root'@'localhost' (using password: NO)
2023-03-08 18:48:41 1078 [Warning] Access denied for user 'root'@'localhost' (using password: YES)
2023-03-08 18:48:46 1080 [Warning] Access denied for user 'root'@'localhost' (using password: YES)
2023-03-08 18:48:48 1082 [Warning] Access denied for user 'root'@'localhost' (using password: YES)
2023-03-08 20:40:35 0 [Note] C:\xampp\mysql\bin\mysqld.exe (initiated by: unknown): Normal shutdown
2023-03-08 20:40:35 0 [Note] Event Scheduler: Purging the queue. 0 events
2023-03-08 20:40:36 0 [Note] InnoDB: FTS optimize thread exiting.
2023-03-08 20:40:36 0 [Note] InnoDB: Starting shutdown...
2023-03-08 20:40:36 0 [Note] InnoDB: Dumping buffer pool(s) to C:\xampp\mysql\data\ib_buffer_pool
2023-03-08 20:40:36 0 [Note] InnoDB: Instance 0, restricted to 250 pages due to innodb_buf_pool_dump_pct=25
2023-03-08 20:40:36 0 [Note] InnoDB: Buffer pool(s) dump completed at 230308 20:40:36
2023-03-08 20:40:37 0 [Note] InnoDB: Removed temporary tablespace data file: "ibtmp1"
2023-03-08 20:40:37 0 [Note] InnoDB: Shutdown completed; log sequence number 814262; transaction id 930
2023-03-08 20:40:37 0 [Note] C:\xampp\mysql\bin\mysqld.exe: Shutdown complete

2023-03-08 20:41:36 0 [Note] InnoDB: Mutexes and rw_locks use Windows interlocked functions
2023-03-08 20:41:36 0 [Note] InnoDB: Uses event mutexes
2023-03-08 20:41:36 0 [Note] InnoDB: Compressed tables use zlib 1.2.12
2023-03-08 20:41:36 0 [Note] InnoDB: Number of pools: 1
2023-03-08 20:41:36 0 [Note] InnoDB: Using SSE2 crc32 instructions
2023-03-08 20:41:36 0 [Note] InnoDB: Initializing buffer pool, total size = 16M, instances = 1, chunk size = 16M
2023-03-08 20:41:36 0 [Note] InnoDB: Completed initialization of buffer pool
2023-03-08 20:41:36 0 [Note] InnoDB: 128 out of 128 rollback segments are active.
2023-03-08 20:41:36 0 [Note] InnoDB: Creating shared tablespace for temporary tables
2023-03-08 20:41:36 0 [Note] InnoDB: Setting file 'C:\xampp\mysql\data\ibtmp1' size to 12 MB. Physically writing the file full; Please wait ...
2023-03-08 20:41:36 0 [Note] InnoDB: File 'C:\xampp\mysql\data\ibtmp1' size is now 12 MB.
2023-03-08 20:41:36 0 [Note] InnoDB: Waiting for purge to start
2023-03-08 20:41:36 0 [Note] InnoDB: 10.4.27 started; log sequence number 814262; transaction id 931
2023-03-08 20:41:36 0 [Note] InnoDB: Loading buffer pool(s) from C:\xampp\mysql\data\ib_buffer_pool
2023-03-08 20:41:36 0 [Note] Plugin 'FEEDBACK' is disabled.
2023-03-08 20:41:36 0 [Note] Server socket created on IP: '::'.
2023-03-08 20:41:36 0 [Note] InnoDB: Buffer pool(s) load completed at 230308 20:41:36
2023-03-08 20:41:37 0 [Note] Reading of all Master_info entries succeeded
2023-03-08 20:41:37 0 [Note] Added new Master_info '' to hash table
2023-03-08 20:41:37 0 [Note] C:\xampp\mysql\bin\mysqld.exe: ready for connections.
Version: '10.4.27-MariaDB'  socket: ''  port: 3306  mariadb.org binary distribution
2023-03-08 20:51:59 16 [Warning] Aborted connection 16 to db: 'firstdb' user: 'root' host: 'localhost' (Got an error reading communication packets)
2023-03-08 20:55:43 0 [Note] C:\xampp\mysql\bin\mysqld.exe (initiated by: unknown): Normal shutdown
2023-03-08 20:55:43 0 [Note] Event Scheduler: Purging the queue. 0 events
2023-03-08 20:55:43 0 [Note] InnoDB: FTS optimize thread exiting.
2023-03-08 20:55:43 0 [Note] InnoDB: Starting shutdown...
2023-03-08 20:55:43 0 [Note] InnoDB: Dumping buffer pool(s) to C:\xampp\mysql\data\ib_buffer_pool
2023-03-08 20:55:43 0 [Note] InnoDB: Instance 0, restricted to 250 pages due to innodb_buf_pool_dump_pct=25
2023-03-08 20:55:43 0 [Note] InnoDB: Buffer pool(s) dump completed at 230308 20:55:43
2023-03-08 20:55:44 0 [Note] InnoDB: Removed temporary tablespace data file: "ibtmp1"
2023-03-08 20:55:44 0 [Note] InnoDB: Shutdown completed; log sequence number 814271; transaction id 952
2023-03-08 20:55:44 0 [Note] C:\xampp\mysql\bin\mysqld.exe: Shutdown complete

2023-03-08 20:55:48 0 [Note] InnoDB: Mutexes and rw_locks use Windows interlocked functions
2023-03-08 20:55:48 0 [Note] InnoDB: Uses event mutexes
2023-03-08 20:55:48 0 [Note] InnoDB: Compressed tables use zlib 1.2.12
2023-03-08 20:55:48 0 [Note] InnoDB: Number of pools: 1
2023-03-08 20:55:48 0 [Note] InnoDB: Using SSE2 crc32 instructions
2023-03-08 20:55:48 0 [Note] InnoDB: Initializing buffer pool, total size = 16M, instances = 1, chunk size = 16M
2023-03-08 20:55:48 0 [Note] InnoDB: Completed initialization of buffer pool
2023-03-08 20:55:49 0 [Note] InnoDB: 128 out of 128 rollback segments are active.
2023-03-08 20:55:49 0 [Note] InnoDB: Creating shared tablespace for temporary tables
2023-03-08 20:55:49 0 [Note] InnoDB: Setting file 'C:\xampp\mysql\data\ibtmp1' size to 12 MB. Physically writing the file full; Please wait ...
2023-03-08 20:55:49 0 [Note] InnoDB: File 'C:\xampp\mysql\data\ibtmp1' size is now 12 MB.
2023-03-08 20:55:49 0 [Note] InnoDB: Waiting for purge to start
2023-03-08 20:55:49 0 [Note] InnoDB: 10.4.27 started; log sequence number 814271; transaction id 931
2023-03-08 20:55:49 0 [Note] InnoDB: Loading buffer pool(s) from C:\xampp\mysql\data\ib_buffer_pool
2023-03-08 20:55:49 0 [Note] Plugin 'FEEDBACK' is disabled.
2023-03-08 20:55:49 0 [Note] Server socket created on IP: '::'.
2023-03-08 20:55:49 0 [Note] Reading of all Master_info entries succeeded
2023-03-08 20:55:49 0 [Note] Added new Master_info '' to hash table
2023-03-08 20:55:49 0 [Note] C:\xampp\mysql\bin\mysqld.exe: ready for connections.
Version: '10.4.27-MariaDB'  socket: ''  port: 3306  mariadb.org binary distribution
2023-03-08 20:55:49 0 [Note] InnoDB: Buffer pool(s) load completed at 230308 20:55:49
2023-03-09 19:38:06 117 [ERROR] InnoDB: In ALTER TABLE `seconddb`.`user` has or is referenced in foreign key constraints which are not compatible with the new table definition.
2023-03-14 18:53:09 0 [Note] C:\xampp\mysql\bin\mysqld.exe (initiated by: unknown): Normal shutdown
2023-03-14 18:53:09 0 [Note] Event Scheduler: Purging the queue. 0 events
2023-03-14 18:53:09 0 [Note] InnoDB: FTS optimize thread exiting.
2023-03-14 18:53:12 0 [Note] InnoDB: Starting shutdown...
2023-03-14 18:53:12 0 [Note] InnoDB: Dumping buffer pool(s) to C:\xampp\mysql\data\ib_buffer_pool
2023-03-14 18:53:12 0 [Note] InnoDB: Instance 0, restricted to 250 pages due to innodb_buf_pool_dump_pct=25
2023-03-14 18:53:12 0 [Note] InnoDB: Buffer pool(s) dump completed at 230314 18:53:12
2023-03-14 18:53:13 0 [Note] InnoDB: Removed temporary tablespace data file: "ibtmp1"
2023-03-14 18:53:13 0 [Note] InnoDB: Shutdown completed; log sequence number 1906765; transaction id 2277
2023-03-14 18:53:13 0 [Note] C:\xampp\mysql\bin\mysqld.exe: Shutdown complete

2023-03-15 18:35:08 0 [Note] InnoDB: Mutexes and rw_locks use Windows interlocked functions
2023-03-15 18:35:08 0 [Note] InnoDB: Uses event mutexes
2023-03-15 18:35:08 0 [Note] InnoDB: Compressed tables use zlib 1.2.12
2023-03-15 18:35:08 0 [Note] InnoDB: Number of pools: 1
2023-03-15 18:35:08 0 [Note] InnoDB: Using SSE2 crc32 instructions
2023-03-15 18:35:08 0 [Note] InnoDB: Initializing buffer pool, total size = 16M, instances = 1, chunk size = 16M
2023-03-15 18:35:08 0 [Note] InnoDB: Completed initialization of buffer pool
2023-03-15 18:35:09 0 [Note] InnoDB: 128 out of 128 rollback segments are active.
2023-03-15 18:35:09 0 [Note] InnoDB: Creating shared tablespace for temporary tables
2023-03-15 18:35:09 0 [Note] InnoDB: Setting file 'C:\xampp\mysql\data\ibtmp1' size to 12 MB. Physically writing the file full; Please wait ...
2023-03-15 18:35:09 0 [Note] InnoDB: File 'C:\xampp\mysql\data\ibtmp1' size is now 12 MB.
2023-03-15 18:35:09 0 [Note] InnoDB: Waiting for purge to start
2023-03-15 18:35:09 0 [Note] InnoDB: 10.4.27 started; log sequence number 1906765; transaction id 2278
2023-03-15 18:35:09 0 [Note] InnoDB: Loading buffer pool(s) from C:\xampp\mysql\data\ib_buffer_pool
2023-03-15 18:35:09 0 [Note] Plugin 'FEEDBACK' is disabled.
2023-03-15 18:35:09 0 [Note] Server socket created on IP: '::'.
2023-03-15 18:35:10 0 [Note] InnoDB: Buffer pool(s) load completed at 230315 18:35:10
2023-03-15 18:35:10 0 [Note] Reading of all Master_info entries succeeded
2023-03-15 18:35:10 0 [Note] Added new Master_info '' to hash table
2023-03-15 18:35:10 0 [Note] C:\xampp\mysql\bin\mysqld.exe: ready for connections.
Version: '10.4.27-MariaDB'  socket: ''  port: 3306  mariadb.org binary distribution
2023-03-22 18:46:49 0 [Note] C:\xampp\mysql\bin\mysqld.exe (initiated by: unknown): Normal shutdown
2023-03-22 18:46:49 0 [Note] Event Scheduler: Purging the queue. 0 events
2023-03-22 18:46:50 0 [Note] InnoDB: FTS optimize thread exiting.
2023-03-22 18:46:52 0 [Note] InnoDB: Starting shutdown...
2023-03-22 18:46:52 0 [Note] InnoDB: Dumping buffer pool(s) to C:\xampp\mysql\data\ib_buffer_pool
2023-03-22 18:46:52 0 [Note] InnoDB: Instance 0, restricted to 250 pages due to innodb_buf_pool_dump_pct=25
2023-03-22 18:46:52 0 [Note] InnoDB: Buffer pool(s) dump completed at 230322 18:46:52
2023-03-22 18:46:53 0 [Note] InnoDB: Removed temporary tablespace data file: "ibtmp1"
2023-03-22 18:46:53 0 [Note] InnoDB: Shutdown completed; log sequence number 5602345; transaction id 7664
2023-03-22 18:46:54 0 [Note] C:\xampp\mysql\bin\mysqld.exe: Shutdown complete

2023-03-22 18:50:34 0 [Note] InnoDB: Mutexes and rw_locks use Windows interlocked functions
2023-03-22 18:50:34 0 [Note] InnoDB: Uses event mutexes
2023-03-22 18:50:34 0 [Note] InnoDB: Compressed tables use zlib 1.2.12
2023-03-22 18:50:34 0 [Note] InnoDB: Number of pools: 1
2023-03-22 18:50:34 0 [Note] InnoDB: Using SSE2 crc32 instructions
2023-03-22 18:50:34 0 [Note] InnoDB: Initializing buffer pool, total size = 16M, instances = 1, chunk size = 16M
2023-03-22 18:50:34 0 [Note] InnoDB: Completed initialization of buffer pool
2023-03-22 18:50:36 0 [Note] InnoDB: 128 out of 128 rollback segments are active.
2023-03-22 18:50:36 0 [Note] InnoDB: Creating shared tablespace for temporary tables
2023-03-22 18:50:36 0 [Note] InnoDB: Setting file 'C:\xampp\mysql\data\ibtmp1' size to 12 MB. Physically writing the file full; Please wait ...
2023-03-22 18:50:36 0 [Note] InnoDB: File 'C:\xampp\mysql\data\ibtmp1' size is now 12 MB.
2023-03-22 18:50:36 0 [Note] InnoDB: Waiting for purge to start
2023-03-22 18:50:36 0 [Note] InnoDB: 10.4.27 started; log sequence number 5602345; transaction id 7665
2023-03-22 18:50:36 0 [Note] InnoDB: Loading buffer pool(s) from C:\xampp\mysql\data\ib_buffer_pool
2023-03-22 18:50:36 0 [Note] Plugin 'FEEDBACK' is disabled.
2023-03-22 18:50:36 0 [Note] Server socket created on IP: '::'.
2023-03-22 18:50:36 0 [Note] InnoDB: Buffer pool(s) load completed at 230322 18:50:36
2023-03-22 18:50:37 0 [Note] Reading of all Master_info entries succeeded
2023-03-22 18:50:37 0 [Note] Added new Master_info '' to hash table
2023-03-22 18:50:37 0 [Note] C:\xampp\mysql\bin\mysqld.exe: ready for connections.
Version: '10.4.27-MariaDB'  socket: ''  port: 3306  mariadb.org binary distribution
2023-03-24 19:49:30 0 [ERROR] InnoDB: The innodb_system data file 'ibdata1' must be writable
2023-03-24 19:49:30 0 [ERROR] InnoDB: The innodb_system data file 'ibdata1' must be writable
2023-03-24 19:49:30 0 [ERROR] Plugin 'InnoDB' init function returned error.
2023-03-24 19:49:30 0 [ERROR] Plugin 'InnoDB' registration as a STORAGE ENGINE failed.
2023-03-24 19:49:30 0 [Note] Plugin 'FEEDBACK' is disabled.
2023-03-24 19:49:30 0 [ERROR] Unknown/unsupported storage engine: InnoDB
2023-03-24 19:49:30 0 [ERROR] Aborting
2023-03-27 18:09:45 0 [Note] InnoDB: Mutexes and rw_locks use Windows interlocked functions
2023-03-27 18:09:45 0 [Note] InnoDB: Uses event mutexes
2023-03-27 18:09:45 0 [Note] InnoDB: Compressed tables use zlib 1.2.12
2023-03-27 18:09:45 0 [Note] InnoDB: Number of pools: 1
2023-03-27 18:09:45 0 [Note] InnoDB: Using SSE2 crc32 instructions
2023-03-27 18:09:45 0 [Note] InnoDB: Initializing buffer pool, total size = 16M, instances = 1, chunk size = 16M
2023-03-27 18:09:45 0 [Note] InnoDB: Completed initialization of buffer pool
2023-03-27 18:09:45 0 [Note] InnoDB: Starting crash recovery from checkpoint LSN=10697940
2023-03-27 18:09:51 0 [Note] InnoDB: 128 out of 128 rollback segments are active.
2023-03-27 18:09:51 0 [Note] InnoDB: Removed temporary tablespace data file: "ibtmp1"
2023-03-27 18:09:51 0 [Note] InnoDB: Creating shared tablespace for temporary tables
2023-03-27 18:09:51 0 [Note] InnoDB: Setting file 'C:\xampp\mysql\data\ibtmp1' size to 12 MB. Physically writing the file full; Please wait ...
2023-03-27 18:09:51 0 [Note] InnoDB: File 'C:\xampp\mysql\data\ibtmp1' size is now 12 MB.
2023-03-27 18:09:51 0 [Note] InnoDB: Waiting for purge to start
2023-03-27 18:09:51 0 [Note] InnoDB: Waiting for purge to start
2023-03-27 18:09:51 0 [Note] InnoDB: 10.4.27 started; log sequence number 10697949; transaction id 15502
2023-03-27 18:09:51 0 [Note] InnoDB: Loading buffer pool(s) from C:\xampp\mysql\data\ib_buffer_pool
2023-03-27 18:09:51 0 [Note] Plugin 'FEEDBACK' is disabled.
2023-03-27 18:09:52 0 [Note] Server socket created on IP: '::'.
2023-03-27 18:09:52 0 [Note] InnoDB: Buffer pool(s) load completed at 230327 18:09:52
2023-03-27 18:09:53 0 [Note] Reading of all Master_info entries succeeded
2023-03-27 18:09:53 0 [Note] Added new Master_info '' to hash table
2023-03-27 18:09:53 0 [Note] C:\xampp\mysql\bin\mysqld.exe: ready for connections.
Version: '10.4.27-MariaDB'  socket: ''  port: 3306  mariadb.org binary distribution
2023-03-30 16:10:34 0 [Note] C:\xampp\mysql\bin\mysqld.exe (initiated by: unknown): Normal shutdown
2023-03-30 16:10:34 0 [Note] Event Scheduler: Purging the queue. 0 events
2023-03-30 16:10:34 0 [Note] InnoDB: FTS optimize thread exiting.
2023-03-30 16:10:36 0 [Note] InnoDB: Starting shutdown...
2023-03-30 16:10:36 0 [Note] InnoDB: Dumping buffer pool(s) to C:\xampp\mysql\data\ib_buffer_pool
2023-03-30 16:10:36 0 [Note] InnoDB: Instance 0, restricted to 250 pages due to innodb_buf_pool_dump_pct=25
2023-03-30 16:10:36 0 [Note] InnoDB: Buffer pool(s) dump completed at 230330 16:10:36
2023-03-30 16:10:37 0 [Note] InnoDB: Removed temporary tablespace data file: "ibtmp1"
2023-03-30 16:10:37 0 [Note] InnoDB: Shutdown completed; log sequence number 13931556; transaction id 20127
2023-03-30 16:10:38 0 [Note] C:\xampp\mysql\bin\mysqld.exe: Shutdown complete

2023-03-30 16:33:00 0 [Note] InnoDB: Mutexes and rw_locks use Windows interlocked functions
2023-03-30 16:33:00 0 [Note] InnoDB: Uses event mutexes
2023-03-30 16:33:00 0 [Note] InnoDB: Compressed tables use zlib 1.2.12
2023-03-30 16:33:00 0 [Note] InnoDB: Number of pools: 1
2023-03-30 16:33:00 0 [Note] InnoDB: Using SSE2 crc32 instructions
2023-03-30 16:33:00 0 [Note] InnoDB: Initializing buffer pool, total size = 16M, instances = 1, chunk size = 16M
2023-03-30 16:33:00 0 [Note] InnoDB: Completed initialization of buffer pool
2023-03-30 16:33:03 0 [Note] InnoDB: 128 out of 128 rollback segments are active.
2023-03-30 16:33:03 0 [Note] InnoDB: Creating shared tablespace for temporary tables
2023-03-30 16:33:03 0 [Note] InnoDB: Setting file 'C:\xampp\mysql\data\ibtmp1' size to 12 MB. Physically writing the file full; Please wait ...
2023-03-30 16:33:03 0 [Note] InnoDB: File 'C:\xampp\mysql\data\ibtmp1' size is now 12 MB.
2023-03-30 16:33:03 0 [Note] InnoDB: Waiting for purge to start
2023-03-30 16:33:03 0 [Note] InnoDB: 10.4.27 started; log sequence number 13931556; transaction id 20128
2023-03-30 16:33:03 0 [Note] InnoDB: Loading buffer pool(s) from C:\xampp\mysql\data\ib_buffer_pool
2023-03-30 16:33:03 0 [Note] Plugin 'FEEDBACK' is disabled.
2023-03-30 16:33:03 0 [Note] Server socket created on IP: '::'.
2023-03-30 16:33:03 0 [Note] InnoDB: Buffer pool(s) load completed at 230330 16:33:03
2023-03-30 16:33:03 0 [Note] Reading of all Master_info entries succeeded
2023-03-30 16:33:03 0 [Note] Added new Master_info '' to hash table
2023-03-30 16:33:03 0 [Note] C:\xampp\mysql\bin\mysqld.exe: ready for connections.
Version: '10.4.27-MariaDB'  socket: ''  port: 3306  mariadb.org binary distribution
2023-03-30 16:33:43 0 [Note] C:\xampp\mysql\bin\mysqld.exe (initiated by: unknown): Normal shutdown
2023-03-30 16:33:43 0 [Note] Event Scheduler: Purging the queue. 0 events
2023-03-30 16:33:43 0 [Note] InnoDB: FTS optimize thread exiting.
2023-03-30 16:33:43 0 [Note] InnoDB: Starting shutdown...
2023-03-30 16:33:43 0 [Note] InnoDB: Dumping buffer pool(s) to C:\xampp\mysql\data\ib_buffer_pool
2023-03-30 16:33:43 0 [Note] InnoDB: Instance 0, restricted to 250 pages due to innodb_buf_pool_dump_pct=25
2023-03-30 16:33:43 0 [Note] InnoDB: Buffer pool(s) dump completed at 230330 16:33:43
2023-03-30 16:33:44 0 [Note] InnoDB: Removed temporary tablespace data file: "ibtmp1"
2023-03-30 16:33:44 0 [Note] InnoDB: Shutdown completed; log sequence number 13931565; transaction id 20129
2023-03-30 16:33:44 0 [Note] C:\xampp\mysql\bin\mysqld.exe: Shutdown complete

2023-03-30 16:36:10 0 [Note] InnoDB: Mutexes and rw_locks use Windows interlocked functions
2023-03-30 16:36:10 0 [Note] InnoDB: Uses event mutexes
2023-03-30 16:36:10 0 [Note] InnoDB: Compressed tables use zlib 1.2.12
2023-03-30 16:36:10 0 [Note] InnoDB: Number of pools: 1
2023-03-30 16:36:10 0 [Note] InnoDB: Using SSE2 crc32 instructions
2023-03-30 16:36:10 0 [Note] InnoDB: Initializing buffer pool, total size = 16M, instances = 1, chunk size = 16M
2023-03-30 16:36:10 0 [Note] InnoDB: Completed initialization of buffer pool
2023-03-30 16:36:10 0 [Note] InnoDB: 128 out of 128 rollback segments are active.
2023-03-30 16:36:10 0 [Note] InnoDB: Creating shared tablespace for temporary tables
2023-03-30 16:36:10 0 [Note] InnoDB: Setting file 'C:\xampp\mysql\data\ibtmp1' size to 12 MB. Physically writing the file full; Please wait ...
2023-03-30 16:36:10 0 [Note] InnoDB: File 'C:\xampp\mysql\data\ibtmp1' size is now 12 MB.
2023-03-30 16:36:10 0 [Note] InnoDB: Waiting for purge to start
2023-03-30 16:36:10 0 [Note] InnoDB: 10.4.27 started; log sequence number 13931565; transaction id 20128
2023-03-30 16:36:10 0 [Note] InnoDB: Loading buffer pool(s) from C:\xampp\mysql\data\ib_buffer_pool
2023-03-30 16:36:10 0 [Note] Plugin 'FEEDBACK' is disabled.
2023-03-30 16:36:10 0 [Note] Server socket created on IP: '::'.
2023-03-30 16:36:10 0 [Note] Reading of all Master_info entries succeeded
2023-03-30 16:36:10 0 [Note] Added new Master_info '' to hash table
2023-03-30 16:36:10 0 [Note] C:\xampp\mysql\bin\mysqld.exe: ready for connections.
Version: '10.4.27-MariaDB'  socket: ''  port: 3306  mariadb.org binary distribution
2023-03-30 16:36:11 0 [Note] InnoDB: Buffer pool(s) load completed at 230330 16:36:11
2023-03-30 16:40:29 0 [Note] C:\xampp\mysql\bin\mysqld.exe (initiated by: unknown): Normal shutdown
2023-03-30 16:40:29 0 [Note] Event Scheduler: Purging the queue. 0 events
2023-03-30 16:40:29 0 [Note] InnoDB: FTS optimize thread exiting.
2023-03-30 16:40:29 0 [Note] InnoDB: Starting shutdown...
2023-03-30 16:40:29 0 [Note] InnoDB: Dumping buffer pool(s) to C:\xampp\mysql\data\ib_buffer_pool
2023-03-30 16:40:29 0 [Note] InnoDB: Instance 0, restricted to 250 pages due to innodb_buf_pool_dump_pct=25
2023-03-30 16:40:29 0 [Note] InnoDB: Buffer pool(s) dump completed at 230330 16:40:29
2023-03-30 16:40:30 0 [Note] InnoDB: Removed temporary tablespace data file: "ibtmp1"
2023-03-30 16:40:30 0 [Note] InnoDB: Shutdown completed; log sequence number 13931574; transaction id 20129
2023-03-30 16:40:30 0 [Note] C:\xampp\mysql\bin\mysqld.exe: Shutdown complete

